[debug] [2017-08-16T02:00:22.061Z] ----------------------------------------------------------------------
[debug] [2017-08-16T02:00:22.064Z] Command:      /usr/local/bin/node /usr/local/bin/firebase deploy
[debug] [2017-08-16T02:00:22.064Z] CLI Version:  3.9.1
[debug] [2017-08-16T02:00:22.064Z] Platform:     darwin
[debug] [2017-08-16T02:00:22.064Z] Node Version: v6.9.2
[debug] [2017-08-16T02:00:22.065Z] Time:         Tue Aug 15 2017 22:00:22 GMT-0400 (BOT)
[debug] [2017-08-16T02:00:22.065Z] ----------------------------------------------------------------------
[debug] 
[debug] [2017-08-16T02:00:22.080Z] > command requires scopes: ["email","openid","https://www.googleapis.com/auth/cloudplatformprojects.readonly","https://www.googleapis.com/auth/firebase","https://www.googleapis.com/auth/cloud-platform"]
[debug] [2017-08-16T02:00:22.080Z] > authorizing via signed-in user
[debug] [2017-08-16T02:00:22.083Z] >>> HTTP REQUEST GET https://admin.firebase.com/v1/projects/html-date-mask  
 Tue Aug 15 2017 22:00:22 GMT-0400 (BOT)
[debug] [2017-08-16T02:00:23.801Z] <<< HTTP RESPONSE 200
[debug] [2017-08-16T02:00:23.803Z] >>> HTTP REQUEST GET https://admin.firebase.com/v1/database/html-date-mask/tokens  
 Tue Aug 15 2017 22:00:23 GMT-0400 (BOT)
[debug] [2017-08-16T02:00:25.168Z] <<< HTTP RESPONSE 200
[info] 
[info] === Deploying to 'html-date-mask'...
[info] 
[info] i  deploying hosting
[info] i  hosting: preparing app directory for upload...
[debug] [2017-08-16T02:00:29.858Z] >>> HTTP REQUEST PUT https://deploy.firebase.com/v1/hosting/html-date-mask/uploads/-KrclH4J7FsUtd8sFGP-?fileCount=185&message=  
 Tue Aug 15 2017 22:00:29 GMT-0400 (BOT)
[debug] [2017-08-16T02:00:49.372Z] <<< HTTP RESPONSE 200
[debug] [2017-08-16T02:00:49.373Z] [hosting] .tgz uploaded successfully, waiting for extraction
